<?xml version="1.0" encoding="UTF-8"?>
<testng-results ignored="0" total="1" passed="1" failed="0" skipped="0">
  <reporter-output>
  </reporter-output>
  <suite started-at="2019-03-23T01:44:50Z" name="Default suite" finished-at="2019-03-23T01:45:01Z" duration-ms="11145">
    <groups>
    </groups>
    <test started-at="2019-03-23T01:44:50Z" name="Default test" finished-at="2019-03-23T01:45:01Z" duration-ms="11145">
      <class name="D1">
        <test-method signature="openBrowser()[pri:0, instance:D1@6a2f6f80]" started-at="2019-03-23T01:44:50Z" name="openBrowser" finished-at="2019-03-23T01:45:01Z" duration-ms="11092" status="PASS">
          <reporter-output>
          </reporter-output>
        </test-method> <!-- openBrowser -->
      </class> <!-- D1 -->
    </test> <!-- Default test -->
  </suite> <!-- Default suite -->
</testng-results>
